Real_Time_Situation (
   Generation_Tool    => "MAST Schedulability Analysis, version 1.7.0.0",
   Generation_Profile => "C:\Users\Sergio\Downloads\mast-bin-win-1-7-0-0\mast_analysis.exe default C:\Users\Sergio\Documents\GitHub\obdh_proy_26_Sergio_Alcocer\DJF\MAST\Proyecto C:\Users\Sergio\Documents\GitHub\obdh_proy_26_Sergio_Alcocer\DJF\MAST\Proyecto.out",
   Generation_Date    => 2026-05-19T13:32:41);

Transaction (
   Name     => trans_ctrl_drone,
   Results  => 
       ((Type                          => Timing_Result,
         Event_Name                    => dl_ev,
         Num_Of_Suspensions            => 1,
         Worst_Blocking_Time           => 1.000E-04,
         Worst_Global_Response_Times   => 
            ((Referenced_Event => ev_flightctrl,
              Time_Value       => 0.051268)),
         Best_Global_Response_Times    => 
            ((Referenced_Event => ev_flightctrl,
              Time_Value       => 0.005102)),
         Jitters                       => 
            ((Referenced_Event => ev_flightctrl,
              Time_Value       => 0.046166)))));

Transaction (
   Name     => trans_wind_detection,
   Results  => 
       ((Type                          => Timing_Result,
         Event_Name                    => ev_tcmanager_signal,
         Num_Of_Suspensions            => 0,
         Worst_Blocking_Time           => 0.000,
         Worst_Global_Response_Times   => 
            ((Referenced_Event => ev_hk_fdir,
              Time_Value       => 0.062484)),
         Best_Global_Response_Times    => 
            ((Referenced_Event => ev_hk_fdir,
              Time_Value       => 0.010102)),
         Jitters                       => 
            ((Referenced_Event => ev_hk_fdir,
              Time_Value       => 0.052382))),
        (Type                          => Timing_Result,
         Event_Name                    => ev_dronemng_signal,
         Num_Of_Suspensions            => 1,
         Worst_Blocking_Time           => 1.000E-04,
         Worst_Global_Response_Times   => 
            ((Referenced_Event => ev_hk_fdir,
              Time_Value       => 0.114956)),
         Best_Global_Response_Times    => 
            ((Referenced_Event => ev_hk_fdir,
              Time_Value       => 0.011304)),
         Jitters                       => 
            ((Referenced_Event => ev_hk_fdir,
              Time_Value       => 0.103652))),
        (Type                          => Timing_Result,
         Event_Name                    => dl_wind_detection,
         Num_Of_Suspensions            => 1,
         Worst_Blocking_Time           => 1.000E-04,
         Worst_Global_Response_Times   => 
            ((Referenced_Event => ev_hk_fdir,
              Time_Value       => 0.166224)),
         Best_Global_Response_Times    => 
            ((Referenced_Event => ev_hk_fdir,
              Time_Value       => 0.012306)),
         Jitters                       => 
            ((Referenced_Event => ev_hk_fdir,
              Time_Value       => 0.153918)))));

Processing_Resource (
   Name     => leon3,
   Results  => 
       ((Type   => Utilization,
         Total  => 51.43%)));

